[debug] [2024-04-30T05:57:43.864Z] ----------------------------------------------------------------------
[debug] [2024-04-30T05:57:43.868Z] Command:       C:\Program Files (x86)\nodejs\node.exe C:\Users\NewGen\AppData\Roaming\npm\node_modules\firebase-tools\lib\bin\firebase.js init
[debug] [2024-04-30T05:57:43.869Z] CLI Version:   13.7.5
[debug] [2024-04-30T05:57:43.869Z] Platform:      win32
[debug] [2024-04-30T05:57:43.869Z] Node Version:  v20.10.0
[debug] [2024-04-30T05:57:43.869Z] Time:          Tue Apr 30 2024 11:27:43 GMT+0530 (India Standard Time)
[debug] [2024-04-30T05:57:43.870Z] ----------------------------------------------------------------------
[debug] 
[debug] [2024-04-30T05:57:43.956Z] > command requires scopes: ["email","openid","https://www.googleapis.com/auth/cloudplatformprojects.readonly","https://www.googleapis.com/auth/firebase","https://www.googleapis.com/auth/cloud-platform"]
[debug] [2024-04-30T05:57:43.957Z] > authorizing via signed-in user (danushika.kaino@gmail.com)
[info] 
     ######## #### ########  ######## ########     ###     ######  ########
     ##        ##  ##     ## ##       ##     ##  ##   ##  ##       ##
     ######    ##  ########  ######   ########  #########  ######  ######
     ##        ##  ##    ##  ##       ##     ## ##     ##       ## ##
     ##       #### ##     ## ######## ########  ##     ##  ######  ########

You're about to initialize a Firebase project in this directory:

  E:\Docs app\Visa-Doc-Management\visa-doc-manage\frontend

Before we get started, keep in mind:

  * You are initializing within an existing Firebase project directory

[info] 
=== Project Setup
[info] 
[info] First, let's associate this project directory with a Firebase project.
[info] You can create multiple project aliases by running firebase use --add, 
[info] but for now we'll just set up a default project.
[info] 
[debug] [2024-04-30T06:02:14.023Z] Using project from CLI flag: visa-docs-manage
[debug] [2024-04-30T06:02:14.029Z] >>> [apiv2][query] GET https://firebase.googleapis.com/v1beta1/projects/visa-docs-manage [none]
[debug] [2024-04-30T06:02:15.434Z] <<< [apiv2][status] GET https://firebase.googleapis.com/v1beta1/projects/visa-docs-manage 200
[debug] [2024-04-30T06:02:15.435Z] <<< [apiv2][body] GET https://firebase.googleapis.com/v1beta1/projects/visa-docs-manage {"projectId":"visa-docs-manage","projectNumber":"308111204463","displayName":"Visa-Docs-Manage","name":"projects/visa-docs-manage","resources":{"hostingSite":"visa-docs-manage","storageBucket":"visa-docs-manage.appspot.com","locationId":"asia-south1"},"state":"ACTIVE","etag":"1_4c5c87a7-f59f-47aa-b829-9975b8c1a529"}
[info] i  Using project visa-docs-manage (Visa-Docs-Manage) 
[info] 
=== Hosting Setup
[debug] [2024-04-30T06:02:15.449Z] >>> [apiv2][query] GET https://firebase.googleapis.com/v1beta1/projects/visa-docs-manage [none]
[debug] [2024-04-30T06:02:15.909Z] <<< [apiv2][status] GET https://firebase.googleapis.com/v1beta1/projects/visa-docs-manage 200
[debug] [2024-04-30T06:02:15.909Z] <<< [apiv2][body] GET https://firebase.googleapis.com/v1beta1/projects/visa-docs-manage {"projectId":"visa-docs-manage","projectNumber":"308111204463","displayName":"Visa-Docs-Manage","name":"projects/visa-docs-manage","resources":{"hostingSite":"visa-docs-manage","storageBucket":"visa-docs-manage.appspot.com","locationId":"asia-south1"},"state":"ACTIVE","etag":"1_4c5c87a7-f59f-47aa-b829-9975b8c1a529"}
[info] 
[info] Your public directory is the folder (relative to your project directory) that
[info] will contain Hosting assets to be uploaded with firebase deploy. If you
[info] have a build process for your assets, use your build's output directory.
[info] 
[info] i  Skipping write of public/404.html 
[debug] [2024-04-30T06:03:43.507Z] >>> [apiv2][query] GET https://www.gstatic.com/firebasejs/releases.json [none]
[debug] [2024-04-30T06:03:44.058Z] <<< [apiv2][status] GET https://www.gstatic.com/firebasejs/releases.json 200
[debug] [2024-04-30T06:03:44.059Z] <<< [apiv2][body] GET https://www.gstatic.com/firebasejs/releases.json {"current":{"version":"10.11.1","browserURL":"https://www.gstatic.com/firebasejs/10.11.1/firebase.js","packageURL":"https://www.gstatic.com/firebasejs/10.11.1/firebase.tgz"},"live":{"version":"10.11","browserURL":"https://www.gstatic.com/firebasejs/live/10.11/firebase.js","packageURL":"https://www.gstatic.com/firebasejs/live/10.11/firebase.tgz"},"components":{"analytics":"https://www.gstatic.com/firebasejs/10.11.1/firebase-analytics.js","app":"https://www.gstatic.com/firebasejs/10.11.1/firebase-app.js","app-check":"https://www.gstatic.com/firebasejs/10.11.1/firebase-app-check.js","auth":"https://www.gstatic.com/firebasejs/10.11.1/firebase-auth.js","auth/cordova":"https://www.gstatic.com/firebasejs/10.11.1/firebase-auth/cordova.js","auth/web-extension":"https://www.gstatic.com/firebasejs/10.11.1/firebase-auth/web-extension.js","functions":"https://www.gstatic.com/firebasejs/10.11.1/firebase-functions.js","firestore":"https://www.gstatic.com/firebasejs/10.11.1/firebase-firestore.js","firestore/lite":"https://www.gstatic.com/firebasejs/10.11.1/firebase-firestore/lite.js","installations":"https://www.gstatic.com/firebasejs/10.11.1/firebase-installations.js","storage":"https://www.gstatic.com/firebasejs/10.11.1/firebase-storage.js","performance":"https://www.gstatic.com/firebasejs/10.11.1/firebase-performance.js","remote-config":"https://www.gstatic.com/firebasejs/10.11.1/firebase-remote-config.js","messaging":"https://www.gstatic.com/firebasejs/10.11.1/firebase-messaging.js","messaging/sw":"https://www.gstatic.com/firebasejs/10.11.1/firebase-messaging/sw.js","database":"https://www.gstatic.com/firebasejs/10.11.1/firebase-database.js","firestore.memory":"https://www.gstatic.com/firebasejs/10.11.1/firebase-firestore.memory.js"}}
[info] i  Skipping write of public/index.html 
[info] 
[info] i  Detected a .git folder at E:\Docs app\Visa-Doc-Management\visa-doc-manage 
[info] i  Authorizing with GitHub to upload your service account to a GitHub repository's secrets store. 
[info] 
[info] Visit this URL on this device to log in:
[info] https://github.com/login/oauth/authorize?client_id=89cf50f02ac6aaed3484&state=727975169&redirect_uri=http%3A%2F%2Flocalhost%3A9005&scope=read%3Auser%20repo%20public_repo
[info] 
[info] Waiting for authentication...
[debug] [2024-04-30T06:03:57.752Z] >>> [apiv2][query] POST https://github.com/login/oauth/access_token [none]
[debug] [2024-04-30T06:03:57.753Z] >>> [apiv2][body] POST https://github.com/login/oauth/access_token [stream]
[debug] [2024-04-30T06:03:58.536Z] <<< [apiv2][status] POST https://github.com/login/oauth/access_token 200
[debug] [2024-04-30T06:03:58.536Z] <<< [apiv2][body] POST https://github.com/login/oauth/access_token {"access_token":"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","token_type":"bearer","scope":"read:user,repo"}
[debug] [2024-04-30T06:03:58.550Z] >>> [apiv2][query] GET https://api.github.com/user [none]
[debug] [2024-04-30T06:03:59.342Z] <<< [apiv2][status] GET https://api.github.com/user 200
[debug] [2024-04-30T06:03:59.342Z] <<< [apiv2][body] GET https://api.github.com/user {"login":"dana528","id":108984326,"node_id":"U_kgDOBn74Bg","avatar_url":"https://avatars.githubusercontent.com/u/108984326?v=4","gravatar_id":"","url":"https://api.github.com/users/dana528","html_url":"https://github.com/dana528","followers_url":"https://api.github.com/users/dana528/followers","following_url":"https://api.github.com/users/dana528/following{/other_user}","gists_url":"https://api.github.com/users/dana528/gists{/gist_id}","starred_url":"https://api.github.com/users/dana528/starred{/owner}{/repo}","subscriptions_url":"https://api.github.com/users/dana528/subscriptions","organizations_url":"https://api.github.com/users/dana528/orgs","repos_url":"https://api.github.com/users/dana528/repos","events_url":"https://api.github.com/users/dana528/events{/privacy}","received_events_url":"https://api.github.com/users/dana528/received_events","type":"User","site_admin":false,"name":"Danushika Wijesinghe","company":null,"blog":"","location":null,"email":null,"hireable":null,"bio":null,"twitter_username":null,"public_repos":16,"public_gists":0,"followers":0,"following":1,"created_at":"2022-07-09T12:32:21Z","updated_at":"2024-04-30T06:02:46Z","private_gists":1,"total_private_repos":14,"owned_private_repos":14,"disk_usage":214767,"collaborators":0,"two_factor_authentication":false,"plan":{"name":"free","space":976562499,"collaborators":0,"private_repos":10000}}
[info] 
[info] +  Success! Logged into GitHub as dana528 
[info] 
